<?xml version="1.0" encoding="UTF-8" ?>
<testsuite tests="42" failures="0" name="cucumberOptions.TestRunner" time="0.084" errors="24" skipped="18">
  <properties>
[...]
</properties>
  <testcase classname="Order one product" name="Initialize the browser with specific sites home page" time="0.009">
    <error message=".\data.properties (The system cannot find the file specified)" type="java.io.FileNotFoundException">java.io.FileNotFoundException: .\data.properties (The system cannot find the file specified)
	at java.base/java.io.FileInputStream.open0(Native Method)
	at java.base/java.io.FileInputStream.open(FileInputStream.java:216)
	at java.base/java.io.FileInputStream.&lt;init&gt;(FileInputStream.java:157)
	at java.base/java.io.FileInputStream.&lt;init&gt;(FileInputStream.java:111)
	at resources.Base.loadDataPropertiesFile(Base.java:38)
	at resources.Base.invokeBrowser(Base.java:18)
	at stepDefinations.stepDefinationForPlaceOrderFunctionality.initialize_the_browser_with_specific_sites_home_page(stepDefinationForPlaceOrderFunctionality.java:25)
	at ✽.Initialize the browser with specific sites home page(file:///D:/Training/Jenkins/greenKart/src/test/java/features/OrderProduct.feature:5)
</error>
  </testcase>
  <testcase classname="Order one product" name="Place order with &quot;Brocolli&quot; product in cart" time="0.001">
    <skipped/>
  </testcase>
  <testcase classname="Order one product" name="Cart page populated with all information" time="0.001">
    <skipped/>
  </testcase>
  <testcase classname="Order one product" name="Order should be placed via order page" time="0">
    <skipped/>
  </testcase>
  <testcase classname="Order one product" name="Order one product" time="0.011">
    <error message=".\data.properties (The system cannot find the file specified)" type="java.io.FileNotFoundException">java.io.FileNotFoundException: .\data.properties (The system cannot find the file specified)
	at java.base/java.io.FileInputStream.open0(Native Method)
	at java.base/java.io.FileInputStream.open(FileInputStream.java:216)
	at java.base/java.io.FileInputStream.&lt;init&gt;(FileInputStream.java:157)
	at java.base/java.io.FileInputStream.&lt;init&gt;(FileInputStream.java:111)
	at resources.Base.loadDataPropertiesFile(Base.java:38)
	at resources.Base.invokeBrowser(Base.java:18)
	at stepDefinations.stepDefinationForPlaceOrderFunctionality.initialize_the_browser_with_specific_sites_home_page(stepDefinationForPlaceOrderFunctionality.java:25)
	at ✽.Initialize the browser with specific sites home page(file:///D:/Training/Jenkins/greenKart/src/test/java/features/OrderProduct.feature:5)
</error>
  </testcase>
  <testcase classname="Order one product" name="Order one product" time="0.011">
    <error message="Cannot invoke &quot;org.openqa.selenium.WebDriver.close()&quot; because &quot;stepDefinations.Hooks.driver&quot; is null" type="java.lang.NullPointerException">java.lang.NullPointerException: Cannot invoke &quot;org.openqa.selenium.WebDriver.close()&quot; because &quot;stepDefinations.Hooks.driver&quot; is null
	at stepDefinations.Hooks.AfterEveryScenarion(Hooks.java:10)
</error>
  </testcase>
  <testcase classname="Positive search with multiple value #1" name="User is on home page" time="0.001">
    <error message=".\data.properties (The system cannot find the file specified)" type="java.io.FileNotFoundException">java.io.FileNotFoundException: .\data.properties (The system cannot find the file specified)
	at java.base/java.io.FileInputStream.open0(Native Method)
	at java.base/java.io.FileInputStream.open(FileInputStream.java:216)
	at java.base/java.io.FileInputStream.&lt;init&gt;(FileInputStream.java:157)
	at java.base/java.io.FileInputStream.&lt;init&gt;(FileInputStream.java:111)
	at resources.Base.loadDataPropertiesFile(Base.java:38)
	at resources.Base.invokeBrowser(Base.java:18)
	at stepDefinations.stepDefinationForSearchingFunctionality.user_is_on_home_page(stepDefinationForSearchingFunctionality.java:19)
	at ✽.User is on home page(file:///D:/Training/Jenkins/greenKart/src/test/java/features/Search.feature:5)
</error>
  </testcase>
  <testcase classname="Positive search with multiple value #1" name="User search with valid Brocolli" time="0">
    <skipped/>
  </testcase>
  <testcase classname="Positive search with multiple value #1" name="Search page is populated with exact Brocolli" time="0.001">
    <skipped/>
  </testcase>
  <testcase classname="Positive search with multiple value #1" name="Positive search with multiple value #1" time="0.003">
    <error message=".\data.properties (The system cannot find the file specified)" type="java.io.FileNotFoundException">java.io.FileNotFoundException: .\data.properties (The system cannot find the file specified)
	at java.base/java.io.FileInputStream.open0(Native Method)
	at java.base/java.io.FileInputStream.open(FileInputStream.java:216)
	at java.base/java.io.FileInputStream.&lt;init&gt;(FileInputStream.java:157)
	at java.base/java.io.FileInputStream.&lt;init&gt;(FileInputStream.java:111)
	at resources.Base.loadDataPropertiesFile(Base.java:38)
	at resources.Base.invokeBrowser(Base.java:18)
	at stepDefinations.stepDefinationForSearchingFunctionality.user_is_on_home_page(stepDefinationForSearchingFunctionality.java:19)
	at ✽.User is on home page(file:///D:/Training/Jenkins/greenKart/src/test/java/features/Search.feature:5)
</error>
  </testcase>
  <testcase classname="Positive search with multiple value #1" name="Positive search with multiple value #1" time="0.003">
    <error message="Cannot invoke &quot;org.openqa.selenium.WebDriver.close()&quot; because &quot;stepDefinations.Hooks.driver&quot; is null" type="java.lang.NullPointerException">java.lang.NullPointerException: Cannot invoke &quot;org.openqa.selenium.WebDriver.close()&quot; because &quot;stepDefinations.Hooks.driver&quot; is null
	at stepDefinations.Hooks.AfterEveryScenarion(Hooks.java:10)
</error>
  </testcase>
  <testcase classname="Positive search with multiple value #2" name="User is on home page" time="0.001">
    <error message=".\data.properties (The system cannot find the file specified)" type="java.io.FileNotFoundException">java.io.FileNotFoundException: .\data.properties (The system cannot find the file specified)
	at java.base/java.io.FileInputStream.open0(Native Method)
	at java.base/java.io.FileInputStream.open(FileInputStream.java:216)
	at java.base/java.io.FileInputStream.&lt;init&gt;(FileInputStream.java:157)
	at java.base/java.io.FileInputStream.&lt;init&gt;(FileInputStream.java:111)
	at resources.Base.loadDataPropertiesFile(Base.java:38)
	at resources.Base.invokeBrowser(Base.java:18)
	at stepDefinations.stepDefinationForSearchingFunctionality.user_is_on_home_page(stepDefinationForSearchingFunctionality.java:19)
	at ✽.User is on home page(file:///D:/Training/Jenkins/greenKart/src/test/java/features/Search.feature:5)
</error>
  </testcase>
  <testcase classname="Positive search with multiple value #2" name="User search with valid Capsicum" time="0">
    <skipped/>
  </testcase>
  <testcase classname="Positive search with multiple value #2" name="Search page is populated with exact Capsicum" time="0">
    <skipped/>
  </testcase>
  <testcase classname="Positive search with multiple value #2" name="Positive search with multiple value #2" time="0.002">
    <error message=".\data.properties (The system cannot find the file specified)" type="java.io.FileNotFoundException">java.io.FileNotFoundException: .\data.properties (The system cannot find the file specified)
	at java.base/java.io.FileInputStream.open0(Native Method)
	at java.base/java.io.FileInputStream.open(FileInputStream.java:216)
	at java.base/java.io.FileInputStream.&lt;init&gt;(FileInputStream.java:157)
	at java.base/java.io.FileInputStream.&lt;init&gt;(FileInputStream.java:111)
	at resources.Base.loadDataPropertiesFile(Base.java:38)
	at resources.Base.invokeBrowser(Base.java:18)
	at stepDefinations.stepDefinationForSearchingFunctionality.user_is_on_home_page(stepDefinationForSearchingFunctionality.java:19)
	at ✽.User is on home page(file:///D:/Training/Jenkins/greenKart/src/test/java/features/Search.feature:5)
</error>
  </testcase>
  <testcase classname="Positive search with multiple value #2" name="Positive search with multiple value #2" time="0.002">
    <error message="Cannot invoke &quot;org.openqa.selenium.WebDriver.close()&quot; because &quot;stepDefinations.Hooks.driver&quot; is null" type="java.lang.NullPointerException">java.lang.NullPointerException: Cannot invoke &quot;org.openqa.selenium.WebDriver.close()&quot; because &quot;stepDefinations.Hooks.driver&quot; is null
	at stepDefinations.Hooks.AfterEveryScenarion(Hooks.java:10)
</error>
  </testcase>
  <testcase classname="Negative search with multiple value #1" name="User is on home page" time="0.002">
    <error message=".\data.properties (The system cannot find the file specified)" type="java.io.FileNotFoundException">java.io.FileNotFoundException: .\data.properties (The system cannot find the file specified)
	at java.base/java.io.FileInputStream.open0(Native Method)
	at java.base/java.io.FileInputStream.open(FileInputStream.java:216)
	at java.base/java.io.FileInputStream.&lt;init&gt;(FileInputStream.java:157)
	at java.base/java.io.FileInputStream.&lt;init&gt;(FileInputStream.java:111)
	at resources.Base.loadDataPropertiesFile(Base.java:38)
	at resources.Base.invokeBrowser(Base.java:18)
	at stepDefinations.stepDefinationForSearchingFunctionality.user_is_on_home_page(stepDefinationForSearchingFunctionality.java:19)
	at ✽.User is on home page(file:///D:/Training/Jenkins/greenKart/src/test/java/features/Search.feature:17)
</error>
  </testcase>
  <testcase classname="Negative search with multiple value #1" name="User search with invalid Fish" time="0.001">
    <skipped/>
  </testcase>
  <testcase classname="Negative search with multiple value #1" name="Search page is populated with &quot;no products matched&quot; message" time="0.001">
    <skipped/>
  </testcase>
  <testcase classname="Negative search with multiple value #1" name="Negative search with multiple value #1" time="0.006">
    <error message=".\data.properties (The system cannot find the file specified)" type="java.io.FileNotFoundException">java.io.FileNotFoundException: .\data.properties (The system cannot find the file specified)
	at java.base/java.io.FileInputStream.open0(Native Method)
	at java.base/java.io.FileInputStream.open(FileInputStream.java:216)
	at java.base/java.io.FileInputStream.&lt;init&gt;(FileInputStream.java:157)
	at java.base/java.io.FileInputStream.&lt;init&gt;(FileInputStream.java:111)
	at resources.Base.loadDataPropertiesFile(Base.java:38)
	at resources.Base.invokeBrowser(Base.java:18)
	at stepDefinations.stepDefinationForSearchingFunctionality.user_is_on_home_page(stepDefinationForSearchingFunctionality.java:19)
	at ✽.User is on home page(file:///D:/Training/Jenkins/greenKart/src/test/java/features/Search.feature:17)
</error>
  </testcase>
  <testcase classname="Negative search with multiple value #1" name="Negative search with multiple value #1" time="0.006">
    <error message="Cannot invoke &quot;org.openqa.selenium.WebDriver.close()&quot; because &quot;stepDefinations.Hooks.driver&quot; is null" type="java.lang.NullPointerException">java.lang.NullPointerException: Cannot invoke &quot;org.openqa.selenium.WebDriver.close()&quot; because &quot;stepDefinations.Hooks.driver&quot; is null
	at stepDefinations.Hooks.AfterEveryScenarion(Hooks.java:10)
</error>
  </testcase>
  <testcase classname="Negative search with multiple value #2" name="User is on home page" time="0.001">
    <error message=".\data.properties (The system cannot find the file specified)" type="java.io.FileNotFoundException">java.io.FileNotFoundException: .\data.properties (The system cannot find the file specified)
	at java.base/java.io.FileInputStream.open0(Native Method)
	at java.base/java.io.FileInputStream.open(FileInputStream.java:216)
	at java.base/java.io.FileInputStream.&lt;init&gt;(FileInputStream.java:157)
	at java.base/java.io.FileInputStream.&lt;init&gt;(FileInputStream.java:111)
	at resources.Base.loadDataPropertiesFile(Base.java:38)
	at resources.Base.invokeBrowser(Base.java:18)
	at stepDefinations.stepDefinationForSearchingFunctionality.user_is_on_home_page(stepDefinationForSearchingFunctionality.java:19)
	at ✽.User is on home page(file:///D:/Training/Jenkins/greenKart/src/test/java/features/Search.feature:17)
</error>
  </testcase>
  <testcase classname="Negative search with multiple value #2" name="User search with invalid Chicken" time="0.001">
    <skipped/>
  </testcase>
  <testcase classname="Negative search with multiple value #2" name="Search page is populated with &quot;no products matched&quot; message" time="0">
    <skipped/>
  </testcase>
  <testcase classname="Negative search with multiple value #2" name="Negative search with multiple value #2" time="0.002">
    <error message=".\data.properties (The system cannot find the file specified)" type="java.io.FileNotFoundException">java.io.FileNotFoundException: .\data.properties (The system cannot find the file specified)
	at java.base/java.io.FileInputStream.open0(Native Method)
	at java.base/java.io.FileInputStream.open(FileInputStream.java:216)
	at java.base/java.io.FileInputStream.&lt;init&gt;(FileInputStream.java:157)
	at java.base/java.io.FileInputStream.&lt;init&gt;(FileInputStream.java:111)
	at resources.Base.loadDataPropertiesFile(Base.java:38)
	at resources.Base.invokeBrowser(Base.java:18)
	at stepDefinations.stepDefinationForSearchingFunctionality.user_is_on_home_page(stepDefinationForSearchingFunctionality.java:19)
	at ✽.User is on home page(file:///D:/Training/Jenkins/greenKart/src/test/java/features/Search.feature:17)
</error>
  </testcase>
  <testcase classname="Negative search with multiple value #2" name="Negative search with multiple value #2" time="0.002">
    <error message="Cannot invoke &quot;org.openqa.selenium.WebDriver.close()&quot; because &quot;stepDefinations.Hooks.driver&quot; is null" type="java.lang.NullPointerException">java.lang.NullPointerException: Cannot invoke &quot;org.openqa.selenium.WebDriver.close()&quot; because &quot;stepDefinations.Hooks.driver&quot; is null
	at stepDefinations.Hooks.AfterEveryScenarion(Hooks.java:10)
</error>
  </testcase>
  <testcase classname="Home page UI validation" name="User is on home page" time="0.001">
    <error message=".\data.properties (The system cannot find the file specified)" type="java.io.FileNotFoundException">java.io.FileNotFoundException: .\data.properties (The system cannot find the file specified)
	at java.base/java.io.FileInputStream.open0(Native Method)
	at java.base/java.io.FileInputStream.open(FileInputStream.java:216)
	at java.base/java.io.FileInputStream.&lt;init&gt;(FileInputStream.java:157)
	at java.base/java.io.FileInputStream.&lt;init&gt;(FileInputStream.java:111)
	at resources.Base.loadDataPropertiesFile(Base.java:38)
	at resources.Base.invokeBrowser(Base.java:18)
	at stepDefinations.stepDefinationForSearchingFunctionality.user_is_on_home_page(stepDefinationForSearchingFunctionality.java:19)
	at ✽.User is on home page(file:///D:/Training/Jenkins/greenKart/src/test/java/features/Search.feature:28)
</error>
  </testcase>
  <testcase classname="Home page UI validation" name="User search with specific &quot;ot&quot; letters for multiple product" time="0.001">
    <skipped/>
  </testcase>
  <testcase classname="Home page UI validation" name="Search page is populated with multiple products which contains &quot;ot&quot; letters" time="0">
    <skipped/>
  </testcase>
  <testcase classname="Home page UI validation" name="Home page UI validation" time="0.002">
    <error message=".\data.properties (The system cannot find the file specified)" type="java.io.FileNotFoundException">java.io.FileNotFoundException: .\data.properties (The system cannot find the file specified)
	at java.base/java.io.FileInputStream.open0(Native Method)
	at java.base/java.io.FileInputStream.open(FileInputStream.java:216)
	at java.base/java.io.FileInputStream.&lt;init&gt;(FileInputStream.java:157)
	at java.base/java.io.FileInputStream.&lt;init&gt;(FileInputStream.java:111)
	at resources.Base.loadDataPropertiesFile(Base.java:38)
	at resources.Base.invokeBrowser(Base.java:18)
	at stepDefinations.stepDefinationForSearchingFunctionality.user_is_on_home_page(stepDefinationForSearchingFunctionality.java:19)
	at ✽.User is on home page(file:///D:/Training/Jenkins/greenKart/src/test/java/features/Search.feature:28)
</error>
  </testcase>
  <testcase classname="Home page UI validation" name="Home page UI validation" time="0.002">
    <error message="Cannot invoke &quot;org.openqa.selenium.WebDriver.close()&quot; because &quot;stepDefinations.Hooks.driver&quot; is null" type="java.lang.NullPointerException">java.lang.NullPointerException: Cannot invoke &quot;org.openqa.selenium.WebDriver.close()&quot; because &quot;stepDefinations.Hooks.driver&quot; is null
	at stepDefinations.Hooks.AfterEveryScenarion(Hooks.java:10)
</error>
  </testcase>
  <testcase classname="Home page UI validation" name="Initialize the browser with specific site" time="0.001">
    <error message=".\data.properties (The system cannot find the file specified)" type="java.io.FileNotFoundException">java.io.FileNotFoundException: .\data.properties (The system cannot find the file specified)
	at java.base/java.io.FileInputStream.open0(Native Method)
	at java.base/java.io.FileInputStream.open(FileInputStream.java:216)
	at java.base/java.io.FileInputStream.&lt;init&gt;(FileInputStream.java:157)
	at java.base/java.io.FileInputStream.&lt;init&gt;(FileInputStream.java:111)
	at resources.Base.loadDataPropertiesFile(Base.java:38)
	at resources.Base.invokeBrowser(Base.java:18)
	at stepDefinations.stepDefinationForUITesting.initialize_the_browser_with_specific_site(stepDefinationForUITesting.java:20)
	at ✽.Initialize the browser with specific site(file:///D:/Training/Jenkins/greenKart/src/test/java/features/UIValidation.feature:5)
</error>
  </testcase>
  <testcase classname="Home page UI validation" name="Browse to home page" time="0">
    <skipped/>
  </testcase>
  <testcase classname="Home page UI validation" name="Home page is populated with all of its elements" time="0">
    <skipped/>
  </testcase>
  <testcase classname="Home page UI validation" name="Home page UI validation" time="0.002">
    <error message=".\data.properties (The system cannot find the file specified)" type="java.io.FileNotFoundException">java.io.FileNotFoundException: .\data.properties (The system cannot find the file specified)
	at java.base/java.io.FileInputStream.open0(Native Method)
	at java.base/java.io.FileInputStream.open(FileInputStream.java:216)
	at java.base/java.io.FileInputStream.&lt;init&gt;(FileInputStream.java:157)
	at java.base/java.io.FileInputStream.&lt;init&gt;(FileInputStream.java:111)
	at resources.Base.loadDataPropertiesFile(Base.java:38)
	at resources.Base.invokeBrowser(Base.java:18)
	at stepDefinations.stepDefinationForUITesting.initialize_the_browser_with_specific_site(stepDefinationForUITesting.java:20)
	at ✽.Initialize the browser with specific site(file:///D:/Training/Jenkins/greenKart/src/test/java/features/UIValidation.feature:5)
</error>
  </testcase>
  <testcase classname="Home page UI validation" name="Home page UI validation" time="0.002">
    <error message="Cannot invoke &quot;org.openqa.selenium.WebDriver.close()&quot; because &quot;stepDefinations.Hooks.driver&quot; is null" type="java.lang.NullPointerException">java.lang.NullPointerException: Cannot invoke &quot;org.openqa.selenium.WebDriver.close()&quot; because &quot;stepDefinations.Hooks.driver&quot; is null
	at stepDefinations.Hooks.AfterEveryScenarion(Hooks.java:10)
</error>
  </testcase>
  <testcase classname="Cart page UI validation" name="Initialize the browser with specific site" time="0.001">
    <error message=".\data.properties (The system cannot find the file specified)" type="java.io.FileNotFoundException">java.io.FileNotFoundException: .\data.properties (The system cannot find the file specified)
	at java.base/java.io.FileInputStream.open0(Native Method)
	at java.base/java.io.FileInputStream.open(FileInputStream.java:216)
	at java.base/java.io.FileInputStream.&lt;init&gt;(FileInputStream.java:157)
	at java.base/java.io.FileInputStream.&lt;init&gt;(FileInputStream.java:111)
	at resources.Base.loadDataPropertiesFile(Base.java:38)
	at resources.Base.invokeBrowser(Base.java:18)
	at stepDefinations.stepDefinationForUITesting.initialize_the_browser_with_specific_site(stepDefinationForUITesting.java:20)
	at ✽.Initialize the browser with specific site(file:///D:/Training/Jenkins/greenKart/src/test/java/features/UIValidation.feature:11)
</error>
  </testcase>
  <testcase classname="Cart page UI validation" name="Navigate to cart page after adding one product" time="0">
    <skipped/>
  </testcase>
  <testcase classname="Cart page UI validation" name="Cart page is populated with all of its elements" time="0">
    <skipped/>
  </testcase>
  <testcase classname="Cart page UI validation" name="Selected product information should be the same as home page" time="0">
    <skipped/>
  </testcase>
  <testcase classname="Cart page UI validation" name="Cart page UI validation" time="0.002">
    <error message=".\data.properties (The system cannot find the file specified)" type="java.io.FileNotFoundException">java.io.FileNotFoundException: .\data.properties (The system cannot find the file specified)
	at java.base/java.io.FileInputStream.open0(Native Method)
	at java.base/java.io.FileInputStream.open(FileInputStream.java:216)
	at java.base/java.io.FileInputStream.&lt;init&gt;(FileInputStream.java:157)
	at java.base/java.io.FileInputStream.&lt;init&gt;(FileInputStream.java:111)
	at resources.Base.loadDataPropertiesFile(Base.java:38)
	at resources.Base.invokeBrowser(Base.java:18)
	at stepDefinations.stepDefinationForUITesting.initialize_the_browser_with_specific_site(stepDefinationForUITesting.java:20)
	at ✽.Initialize the browser with specific site(file:///D:/Training/Jenkins/greenKart/src/test/java/features/UIValidation.feature:11)
</error>
  </testcase>
  <testcase classname="Cart page UI validation" name="Cart page UI validation" time="0.002">
    <error message="Cannot invoke &quot;org.openqa.selenium.WebDriver.close()&quot; because &quot;stepDefinations.Hooks.driver&quot; is null" type="java.lang.NullPointerException">java.lang.NullPointerException: Cannot invoke &quot;org.openqa.selenium.WebDriver.close()&quot; because &quot;stepDefinations.Hooks.driver&quot; is null
	at stepDefinations.Hooks.AfterEveryScenarion(Hooks.java:10)
</error>
  </testcase>
</testsuite>